<?xml version="1.0" encoding="UTF-8"?>
<!-- Generated by org.testng.reporters.JUnitReportReporter -->
<testsuite hostname="NBSG0433B2-TP" failures="0" tests="1" name="com.crm.qa.testcases.ContactsPageTest" time="0.003" errors="0" timestamp="2022-05-12T15:25:39 EDT" skipped="0">
  <testcase classname="com.crm.qa.testcases.ContactsPageTest" name="Testing1Test" time="0.003"/>
  <system-out/>
</testsuite> <!-- com.crm.qa.testcases.ContactsPageTest -->
