<?xml version="1.0" encoding="UTF-8"?>
<!-- Generated by org.testng.reporters.JUnitReportReporter -->
<testsuite hostname="NBSG0433B2-TP" failures="0" tests="3" name="com.crm.qa.testcases.LoginPageTest" time="29.905" errors="0" timestamp="2022-05-12T15:27:50 EDT" skipped="0">
  <testcase classname="com.crm.qa.testcases.LoginPageTest" name="loginPageTitleTest" time="7.077"/>
  <system-out/>
  <testcase classname="com.crm.qa.testcases.LoginPageTest" name="crmLogoImageTest" time="8.261"/>
  <system-out/>
  <testcase classname="com.crm.qa.testcases.LoginPageTest" name="loginTest" time="14.567"/>
  <system-out/>
</testsuite> <!-- com.crm.qa.testcases.LoginPageTest -->
