<?xml version="1.0" encoding="UTF-8"?>
<!-- Generated by org.testng.reporters.JUnitReportReporter -->
<testsuite hostname="NBSG0433B2-TP" failures="0" tests="1" name="com.crm.qa.testcases.FreeCrmTest" time="8.786" errors="0" timestamp="2022-05-12T08:29:30 EDT" skipped="0">
  <testcase classname="com.crm.qa.testcases.FreeCrmTest" name="TestingTest" time="8.786"/>
  <system-out/>
</testsuite> <!-- com.crm.qa.testcases.FreeCrmTest -->
